# JRE version: Java(TM) SE Runtime Environment (9.0+11) (build 9.0.4+11)
# Java VM: Java HotSpot(TM) 64-Bit Server VM (9.0.4+11, mixed mode, tiered, compressed oops, g1 gc, bsd-amd64)
Heap:
 garbage-first heap   total 433152K, used 51170K [0x00000006c0000000, 0x00000006c0100d38, 0x00000007c0000000)
  region size 1024K, 18 young (18432K), 11 survivors (11264K)
 Metaspace       used 59553K, capacity 61036K, committed 61352K, reserved 1103872K
  class space    used 7401K, capacity 7706K, committed 7816K, reserved 1048576K
GC Heap History (10 events):
Event: 5.356 GC heap before
{Heap before GC invocations=7 (full 0):
 garbage-first heap   total 315392K, used 169579K [0x00000006c0000000, 0x00000006c01009a0, 0x00000007c0000000)
  region size 1024K, 161 young (164864K), 21 survivors (21504K)
 Metaspace       used 34690K, capacity 35910K, committed 36048K, reserved 1081344K
  class space    used 4311K, capacity 4579K, committed 4604K, reserved 1048576K
}
Event: 5.387 GC heap after
{Heap after GC invocations=8 (full 0):
 garbage-first heap   total 315392K, used 27578K [0x00000006c0000000, 0x00000006c01009a0, 0x00000007c0000000)
  region size 1024K, 13 young (13312K), 13 survivors (13312K)
 Metaspace       used 34690K, capacity 35910K, committed 36048K, reserved 1081344K
  class space    used 4311K, capacity 4579K, committed 4604K, reserved 1048576K
}
Event: 6.897 GC heap before
{Heap before GC invocations=9 (full 0):
 garbage-first heap   total 315392K, used 202682K [0x00000006c0000000, 0x00000006c01009a0, 0x00000007c0000000)
  region size 1024K, 184 young (188416K), 13 survivors (13312K)
 Metaspace       used 44174K, capacity 45450K, committed 45596K, reserved 1089536K
  class space    used 5425K, capacity 5679K, committed 5704K, reserved 1048576K
}
Event: 6.924 GC heap after
{Heap after GC invocations=10 (full 0):
 garbage-first heap   total 315392K, used 37306K [0x00000006c0000000, 0x00000006c01009a0, 0x00000007c0000000)
  region size 1024K, 22 young (22528K), 22 survivors (22528K)
 Metaspace       used 44174K, capacity 45450K, committed 45596K, reserved 1089536K
  class space    used 5425K, capacity 5679K, committed 5704K, reserved 1048576K
}
Event: 8.617 GC heap before
{Heap before GC invocations=10 (full 0):
 garbage-first heap   total 315392K, used 203194K [0x00000006c0000000, 0x00000006c01009a0, 0x00000007c0000000)
  region size 1024K, 184 young (188416K), 22 survivors (22528K)
 Metaspace       used 52286K, capacity 53624K, committed 53916K, reserved 1095680K
  class space    used 6455K, capacity 6748K, committed 6856K, reserved 1048576K
}
Event: 8.661 GC heap after
{Heap after GC invocations=11 (full 0):
 garbage-first heap   total 433152K, used 43149K [0x00000006c0000000, 0x00000006c0100d38, 0x00000007c0000000)
  region size 1024K, 13 young (13312K), 13 survivors (13312K)
 Metaspace       used 52286K, capacity 53624K, committed 53916K, reserved 1095680K
  class space    used 6455K, capacity 6748K, committed 6856K, reserved 1048576K
}
Event: 11.160 GC heap before
{Heap before GC invocations=11 (full 0):
 garbage-first heap   total 433152K, used 288909K [0x00000006c0000000, 0x00000006c0100d38, 0x00000007c0000000)
  region size 1024K, 253 young (259072K), 13 survivors (13312K)
 Metaspace       used 55229K, capacity 56646K, committed 56860K, reserved 1099776K
  class space    used 6846K, capacity 7129K, committed 7240K, reserved 1048576K
}
Event: 11.191 GC heap after
{Heap after GC invocations=12 (full 0):
 garbage-first heap   total 433152K, used 48269K [0x00000006c0000000, 0x00000006c0100d38, 0x00000007c0000000)
  region size 1024K, 18 young (18432K), 18 survivors (18432K)
 Metaspace       used 55229K, capacity 56646K, committed 56860K, reserved 1099776K
  class space    used 6846K, capacity 7129K, committed 7240K, reserved 1048576K
}
Event: 15.610 GC heap before
{Heap before GC invocations=12 (full 0):
 garbage-first heap   total 433152K, used 160909K [0x00000006c0000000, 0x00000006c0100d38, 0x00000007c0000000)
  region size 1024K, 129 young (132096K), 18 survivors (18432K)
 Metaspace       used 59120K, capacity 60588K, committed 60636K, reserved 1101824K
  class space    used 7341K, capacity 7642K, committed 7688K, reserved 1048576K
}
Event: 15.645 GC heap after
{Heap after GC invocations=13 (full 0):
 garbage-first heap   total 433152K, used 45026K [0x00000006c0000000, 0x00000006c0100d38, 0x00000007c0000000)
  region size 1024K, 11 young (11264K), 11 survivors (11264K)
 Metaspace       used 59120K, capacity 60588K, committed 60636K, reserved 1101824K
  class space    used 7341K, capacity 7642K, committed 7688K, reserved 1048576K
}

